0 info it worked if it ends with ok
1 verbose cli [ 'd:\\Program Files\\nodejs\\node.exe',
1 verbose cli   'd:\\Program Files\\nodejs\\node_modules\\npm\\bin\\npm-cli.js',
1 verbose cli   'start' ]
2 info using npm@1.3.21
3 info using node@v0.10.24
4 error Failed to parse json
4 error Unexpected token ]
5 error File: d:\github\voxel-compass\package.json
6 error Failed to parse package.json data.
6 error package.json must be actual JSON, not just JavaScript.
6 error
6 error This is not a bug in npm.
6 error Tell the package author to fix their package.json file. JSON.parse
7 error System Windows_NT 6.1.7601
8 error command "d:\\Program Files\\nodejs\\node.exe" "d:\\Program Files\\nodejs\\node_modules\\npm\\bin\\npm-cli.js" "start"
9 error cwd d:\github\voxel-compass
10 error node -v v0.10.24
11 error npm -v 1.3.21
12 error file d:\github\voxel-compass\package.json
13 error code EJSONPARSE
14 verbose exit [ 1, true ]
